<?xml version="1.0" encoding="UTF-8"?>
<testng-results ignored="0" total="1" passed="1" failed="0" skipped="0">
  <reporter-output>
  </reporter-output>
  <suite started-at="2023-04-02T19:53:58 MSK" name="Default suite" finished-at="2023-04-02T19:53:58 MSK" duration-ms="509">
    <groups>
    </groups>
    <test started-at="2023-04-02T19:53:58 MSK" name="Default test" finished-at="2023-04-02T19:53:58 MSK" duration-ms="509">
      <class name="tests.DBtest">
        <test-method is-config="true" signature="setUp()[pri:0, instance:tests.DBtest@6e20b53a]" started-at="2023-04-02T19:53:58 MSK" name="setUp" finished-at="2023-04-02T19:53:58 MSK" duration-ms="422" status="PASS">
          <reporter-output>
          </reporter-output>
        </test-method> <!-- setUp -->
        <test-method signature="tst()[pri:0, instance:tests.DBtest@6e20b53a]" started-at="2023-04-02T19:53:58 MSK" name="tst" finished-at="2023-04-02T19:53:58 MSK" duration-ms="45" status="PASS">
          <reporter-output>
          </reporter-output>
        </test-method> <!-- tst -->
        <test-method is-config="true" signature="tearDown()[pri:0, instance:tests.DBtest@6e20b53a]" started-at="2023-04-02T19:53:58 MSK" name="tearDown" finished-at="2023-04-02T19:53:58 MSK" duration-ms="1" status="PASS">
          <reporter-output>
          </reporter-output>
        </test-method> <!-- tearDown -->
      </class> <!-- tests.DBtest -->
    </test> <!-- Default test -->
  </suite> <!-- Default suite -->
</testng-results>
